{"C:\\Users\\asus\\Desktop\\namaste-react\\src\\components\\Contact.jsx": {"path":"C:\\Users\\asus\\Desktop\\namaste-react\\src\\components\\Contact.jsx","statementMap":{"0":{"start":{"line":3,"column":16},"end":{"line":15,"column":1}},"1":{"start":{"line":4,"column":2},"end":{"line":14,"column":3}}},"fnMap":{"0":{"name":"(anonymous_0)","decl":{"start":{"line":3,"column":16},"end":{"line":3,"column":17}},"loc":{"start":{"line":3,"column":22},"end":{"line":15,"column":1}},"line":3}},"branchMap":{},"s":{"0":1,"1":2},"f":{"0":2},"b":{},"_coverageSchema":"1a1c01bbd47fc00a2c39e90264f33305004495a9","hash":"0119546936d0ed0a586ee95d73cfb8d4b4c4e241"}
}
